[debug] [2021-04-06T03:53:14.012Z] ----------------------------------------------------------------------
[debug] [2021-04-06T03:53:14.015Z] Command:       C:\Program Files\nodejs\node.exe C:\Users\blindgren\AppData\Roaming\npm\node_modules\firebase-tools\lib\bin\firebase.js init
[debug] [2021-04-06T03:53:14.015Z] CLI Version:   9.8.0
[debug] [2021-04-06T03:53:14.015Z] Platform:      win32
[debug] [2021-04-06T03:53:14.015Z] Node Version:  v10.15.1
[debug] [2021-04-06T03:53:14.017Z] Time:          Mon Apr 05 2021 20:53:14 GMT-0700 (Pacific Daylight Time)
[debug] [2021-04-06T03:53:14.017Z] ----------------------------------------------------------------------
[debug] 
[debug] [2021-04-06T03:53:14.029Z] > command requires scopes: ["email","openid","https://www.googleapis.com/auth/cloudplatformprojects.readonly","https://www.googleapis.com/auth/firebase","https://www.googleapis.com/auth/cloud-platform"]
[debug] [2021-04-06T03:53:14.029Z] > authorizing via signed-in user
[info] 
     ######## #### ########  ######## ########     ###     ######  ########
     ##        ##  ##     ## ##       ##     ##  ##   ##  ##       ##
     ######    ##  ########  ######   ########  #########  ######  ######
     ##        ##  ##    ##  ##       ##     ## ##     ##       ## ##
     ##       #### ##     ## ######## ########  ##     ##  ######  ########

You're about to initialize a Firebase project in this directory:

  C:\Users\blindgren\Desktop\Development & Freelance\the-real-collab-lab\tcl-17-smart-shopping-list

Before we get started, keep in mind:

  * You are initializing in an existing Firebase project directory

[info] 
=== Project Setup
[info] 
[info] First, let's associate this project directory with a Firebase project.
[info] You can create multiple project aliases by running firebase use --add, 
[info] but for now we'll just set up a default project.
[info] 
[info] i  .firebaserc already has a default project, using tcl-17-shopping-list. 
[debug] [2021-04-06T03:54:27.921Z] > refreshing access token with scopes: []
[debug] [2021-04-06T03:54:27.921Z] >>> HTTP REQUEST POST https://www.googleapis.com/oauth2/v3/token  
 <request body omitted>
[debug] [2021-04-06T03:54:28.062Z] <<< HTTP RESPONSE 200 {"cache-control":"no-cache, no-store, max-age=0, must-revalidate","expires":"Mon, 01 Jan 1990 00:00:00 GMT","date":"Tue, 06 Apr 2021 03:54:28 GMT","pragma":"no-cache","content-type":"application/json; charset=utf-8","vary":"X-Origin, Referer, Origin,Accept-Encoding","server":"scaffolding on HTTPServer2","x-xss-protection":"0","x-frame-options":"SAMEORIGIN","x-content-type-options":"nosniff","alt-svc":"h3-29=\":443\"; ma=2592000,h3-T051=\":443\"; ma=2592000,h3-Q050=\":443\"; ma=2592000,h3-Q046=\":443\"; ma=2592000,h3-Q043=\":443\"; ma=2592000,quic=\":443\"; ma=2592000; v=\"46,43\"","accept-ranges":"none","transfer-encoding":"chunked"}
[debug] [2021-04-06T03:54:28.092Z] >>> [apiv2][query] GET https://firebase.googleapis.com/v1beta1/projects/tcl-17-shopping-list [none]
[debug] [2021-04-06T03:54:28.307Z] <<< [apiv2][status] GET https://firebase.googleapis.com/v1beta1/projects/tcl-17-shopping-list 200
[debug] [2021-04-06T03:54:28.308Z] <<< [apiv2][body] GET https://firebase.googleapis.com/v1beta1/projects/tcl-17-shopping-list {"projectId":"tcl-17-shopping-list","projectNumber":"221649145784","displayName":"tcl-17-shopping-list","name":"projects/tcl-17-shopping-list","resources":{"hostingSite":"tcl-17-shopping-list","storageBucket":"tcl-17-shopping-list.appspot.com","locationId":"us-central"},"state":"ACTIVE"}
[info] 
=== Hosting Setup
[info] 
[info] Your public directory is the folder (relative to your project directory) that
[info] will contain Hosting assets to be uploaded with firebase deploy. If you
[info] have a build process for your assets, use your build's output directory.
[info] 
